"left-cofficient-rfile"
"Iteration" "left-cofficient"
("Iteration" "left-cofficient")
1 -0.04928454725406195
2 -0.09185520979725502
3 -0.1166635197052081
4 -0.1236675878776237
5 -0.1116572049921785
6 -0.09747405341211238
7 -0.08233669527209217
8 -0.06838535979158643
9 -0.05380150045778181
10 -0.04105245040185835
11 -0.03138242669148517
12 -0.02633502816994978
13 -0.02766460951239352
14 -0.03041932110147576
15 -0.03737131996549305
16 -0.04865901437318855
17 -0.06332866579860505
18 -0.07795240663454664
19 -0.0905522404606731
20 -0.09776723399290312
21 -0.09361744644529749
22 -0.07508861531358103
23 -0.0442893823654613
24 -0.003862898064229954
25 0.03980195885950327
26 0.07919782455864199
27 0.1092730063250869
28 0.1252386351711653
29 0.1270008691654556
30 0.1164229247633364
31 0.1004668315834414
32 0.08089479426761201
33 0.0603066596711407
34 0.04072511085379641
35 0.02413578308878007
36 0.01092365754956378
37 0.000749373204867807
38 -0.006015429635735122
39 -0.009698446705906156
40 -0.01075702137964488
41 -0.009661121246372107
42 -0.007159906423358019
43 -0.003988730139773459
44 -0.0007911262590407565
45 0.001954908069379101
46 0.003962388384816139
47 0.00517639197081568
48 0.005568762949290755
49 0.005298803270994122
50 0.004535417635188336
51 0.003457634561511708
52 0.002212841266404964
53 0.0009033667020318656
54 -0.0003930322487730544
55 -0.001621151786954196
56 -0.002727933267352712
57 -0.00364020816437644
58 -0.004299784349870324
59 -0.004694938924332034
60 -0.004836102787379829
61 -0.004775622290497407
62 -0.004589382969872638
63 -0.004323592805650156
64 -0.004044034852195228
65 -0.003768468852604326
66 -0.003510266090942635
67 -0.00327203073771499
68 -0.003058479099228602
69 -0.002875060177575861
70 -0.002753311299000844
71 -0.002719243476284649
72 -0.00278649307556584
73 -0.002962829653436202
74 -0.003242802234934877
75 -0.003615014888578615
76 -0.004065360752302432
77 -0.004580552504966626
78 -0.005147670341814999
79 -0.005754948182434463
80 -0.006394712206898569
81 -0.007058610605585237
82 -0.007734577274532761
83 -0.008407933324272612
84 -0.009060399876261747
85 -0.009672560494868077
86 -0.01022666442830183
87 -0.01070512168077141
88 -0.01109528039637356
89 -0.01138876728246794
90 -0.01158274908496881
91 -0.01167949744058047
92 -0.01168631114813215
93 -0.01161451023951854
94 -0.01147839441408251
95 -0.01129407921069198
96 -0.0110846864399276
97 -0.01086027690249611
98 -0.01063409164712108
99 -0.01042050217153572
100 -0.01023078743102994
101 -0.0100737996372515
102 -0.009954322207207792
103 -0.009874978939587628
104 -0.009835817979499088
105 -0.009835317236135115
106 -0.009870124873704983
107 -0.009935870667173739
108 -0.01002744127169938
109 -0.01013900723142659
110 -0.0102643986342218
111 -0.01039838590589195
112 -0.01053581139370227
113 -0.0106719353063514
114 -0.01080268760927157
115 -0.01092523425352559
116 -0.01103762612470349
117 -0.01113899769090258
118 -0.01122912236404763
119 -0.01130890211392634
120 -0.011379311723918
121 -0.01144156225823611
122 -0.01149827531561221
123 -0.01155042266177635
124 -0.01159826164994791
125 -0.0116422471932221
126 -0.01168275061087578
